<?xml version="1.0" encoding="UTF-8"?>
<!-- Generated by org.testng.reporters.JUnitXMLReporter -->
<testsuite ignored="0" hostname="MSI" failures="0" tests="4" name="Default test" time="10.933" errors="0" timestamp="2024-01-18T07:04:22 IST">
  <testcase classname="objects.TestClass" name="loginAndAddToCart" time="0.631"/>
  <testcase classname="objects.TestClass" name="removeItemAndCheckout" time="0.343"/>
  <testcase classname="objects.TestClass" name="getTextofItemTotalAndtotal" time="0.391"/>
  <testcase classname="objects.TestClass" name="loggingOutFromMenuPage" time="0.771"/>
</testsuite> <!-- Default test -->
