<?xml version="1.0" encoding="UTF-8"?>
<!-- Generated by org.testng.reporters.JUnitXMLReporter -->
<testsuite ignored="0" hostname="MSI" failures="0" tests="4" name="Test" time="6.361" errors="0" timestamp="2024-01-17T22:52:12 IST">
  <testcase classname="objects.TestClass" name="loginAndAddToCart" time="0.414"/>
  <testcase classname="objects.TestClass" name="removeItemAndCheckout" time="0.313"/>
  <testcase classname="objects.TestClass" name="getTextofItemTotalAndtoal" time="0.267"/>
  <testcase classname="objects.TestClass" name="loggingOutFromMenuPage" time="0.646"/>
</testsuite> <!-- Test -->
