<?xml version="1.0" encoding="UTF-8"?>
<testng-results ignored="0" total="4" passed="4" failed="0" skipped="0">
  <reporter-output>
  </reporter-output>
  <suite started-at="2024-01-18T07:04:11 IST" name="Default suite" finished-at="2024-01-18T07:04:22 IST" duration-ms="10933">
    <groups>
    </groups>
    <test started-at="2024-01-18T07:04:11 IST" name="Default test" finished-at="2024-01-18T07:04:22 IST" duration-ms="10933">
      <class name="objects.TestClass">
        <test-method is-config="true" signature="getReportObject()[pri:0, instance:objects.TestClass@1f2586d6]" started-at="2024-01-18T07:04:11 IST" name="getReportObject" finished-at="2024-01-18T07:04:11 IST" duration-ms="270" status="PASS">
          <reporter-output>
          </reporter-output>
        </test-method> <!-- getReportObject -->
        <test-method is-config="true" signature="setup()[pri:0, instance:objects.TestClass@1f2586d6]" started-at="2024-01-18T07:04:11 IST" name="setup" finished-at="2024-01-18T07:04:20 IST" duration-ms="8251" status="PASS">
          <reporter-output>
          </reporter-output>
        </test-method> <!-- setup -->
        <test-method signature="loginAndAddToCart()[pri:1, instance:objects.TestClass@1f2586d6]" started-at="2024-01-18T07:04:20 IST" name="loginAndAddToCart" finished-at="2024-01-18T07:04:20 IST" duration-ms="631" status="PASS">
          <reporter-output>
          </reporter-output>
        </test-method> <!-- loginAndAddToCart -->
        <test-method signature="removeItemAndCheckout()[pri:2, instance:objects.TestClass@1f2586d6]" started-at="2024-01-18T07:04:20 IST" name="removeItemAndCheckout" finished-at="2024-01-18T07:04:21 IST" duration-ms="343" status="PASS">
          <reporter-output>
          </reporter-output>
        </test-method> <!-- removeItemAndCheckout -->
        <test-method signature="getTextofItemTotalAndtotal()[pri:3, instance:objects.TestClass@1f2586d6]" started-at="2024-01-18T07:04:21 IST" name="getTextofItemTotalAndtotal" finished-at="2024-01-18T07:04:21 IST" duration-ms="391" status="PASS">
          <reporter-output>
          </reporter-output>
        </test-method> <!-- getTextofItemTotalAndtotal -->
        <test-method signature="loggingOutFromMenuPage()[pri:4, instance:objects.TestClass@1f2586d6]" started-at="2024-01-18T07:04:21 IST" name="loggingOutFromMenuPage" finished-at="2024-01-18T07:04:22 IST" duration-ms="771" status="PASS">
          <reporter-output>
          </reporter-output>
        </test-method> <!-- loggingOutFromMenuPage -->
        <test-method is-config="true" signature="tearDown()[pri:0, instance:objects.TestClass@1f2586d6]" started-at="2024-01-18T07:04:22 IST" name="tearDown" finished-at="2024-01-18T07:04:22 IST" duration-ms="241" status="PASS">
          <reporter-output>
          </reporter-output>
        </test-method> <!-- tearDown -->
      </class> <!-- objects.TestClass -->
    </test> <!-- Default test -->
  </suite> <!-- Default suite -->
</testng-results>
